<?xml version="1.0" encoding="UTF-8"?>
<testsuites name="Login-logout" time="18.335" tests="2" failures="0" errors="0">
   <testsuite name="Login-logout" tests="2" failures="0" errors="0" time="18.335" skipped="0" timestamp="2023-07-12 22:05:12" hostname="Atmam Al Faruqi - LAPTOP-I9L4OTOD" id="Test Suites/Login-logout">
      <properties>
         <property name="deviceName" value=""/>
         <property name="devicePlatform" value=""/>
         <property name="logFolder" value="C:\\Users\\pinja\\Katalon Studio\\Make An Appoitment Web\\Reports\\20230712_220457\\Login-logout\\20230712_220457"/>
         <property name="logFiles" value="C:\\Users\\pinja\\Katalon Studio\\Make An Appoitment Web\\Reports\\20230712_220457\\Login-logout\\20230712_220457\\execution0.log"/>
         <property name="attachments" value=""/>
         <property name="hostName" value="Atmam Al Faruqi - LAPTOP-I9L4OTOD"/>
         <property name="os" value="Windows 11 64bit"/>
         <property name="katalonVersion" value="8.6.5.208"/>
         <property name="browser" value="Chrome 114.0.0.0"/>
         <property name="hostAddress" value="192.168.13.200"/>
         <property name="sessionId" value="639f6ff273f74ab5c7be9e3a8f2f7a50"/>
         <property name="seleniumVersion" value="3.141.59"/>
         <property name="proxyInformation" value="ProxyInformation { proxyOption=NO_PROXY, proxyServerType=HTTP, username=, password=********, proxyServerAddress=, proxyServerPort=0, executionList=&quot;&quot;, isApplyToDesiredCapabilities=true }"/>
         <property name="platform" value="Windows 11"/>
      </properties>
      <testcase name="Test Cases/Login" time="15.476" classname="Test Cases/Login" status="PASSED">
         <system-out><![CDATA[2023-07-12 22:05:13 - [TEST_CASE][PASSED] - Test Cases/Login: Test Cases/Login

2023-07-12 22:05:13 - [TEST_STEP][PASSED] - openBrowser("https://katalon-demo-cura.herokuapp.com/"): Browser is opened with url: 'https://katalon-demo-cura.herokuapp.com/'

2023-07-12 22:05:14 - [MESSAGE][INFO] - Starting 'Chrome' driver

2023-07-12 22:05:14 - [MESSAGE][INFO] - Action delay is set to 0 milliseconds

2023-07-12 22:05:21 - [MESSAGE][PASSED] - Browser is opened with url: 'https://katalon-demo-cura.herokuapp.com/'

2023-07-12 22:05:21 - [TEST_STEP][PASSED] - click(findTestObject("Sidebar/toggle button")): Object: 'Object Repository/Sidebar/toggle button' is clicked on

2023-07-12 22:05:22 - [MESSAGE][PASSED] - Object: 'Object Repository/Sidebar/toggle button' is clicked on

2023-07-12 22:05:22 - [TEST_STEP][PASSED] - click(findTestObject("Sidebar/Login Page Button")): Object: 'Object Repository/Sidebar/Login Page Button' is clicked on

2023-07-12 22:05:23 - [MESSAGE][PASSED] - Object: 'Object Repository/Sidebar/Login Page Button' is clicked on

2023-07-12 22:05:23 - [TEST_STEP][PASSED] - verifyTextPresent("Please login to make appointment.", false): Text 'Please login to make appointment.' is present on page 

2023-07-12 22:05:23 - [MESSAGE][PASSED] - Text 'Please login to make appointment.' is present on page 

2023-07-12 22:05:23 - [TEST_STEP][PASSED] - setText(findTestObject("Login Page/input username"), "John Doe"): Text 'John Doe' is set on object 'Object Repository/Login Page/input username'

2023-07-12 22:05:24 - [MESSAGE][PASSED] - Text 'John Doe' is set on object 'Object Repository/Login Page/input username'

2023-07-12 22:05:24 - [TEST_STEP][PASSED] - setText(findTestObject("Login Page/input password"), "ThisIsNotAPassword"): Text 'ThisIsNotAPassword' is set on object 'Object Repository/Login Page/input password'

2023-07-12 22:05:25 - [MESSAGE][PASSED] - Text 'ThisIsNotAPassword' is set on object 'Object Repository/Login Page/input password'

2023-07-12 22:05:25 - [TEST_STEP][PASSED] - click(findTestObject("Login Page/Login Button")): Object: 'Object Repository/Login Page/Login Button' is clicked on

2023-07-12 22:05:26 - [MESSAGE][PASSED] - Object: 'Object Repository/Login Page/Login Button' is clicked on

2023-07-12 22:05:26 - [TEST_STEP][PASSED] - verifyTextPresent("Facility", false): Text 'Facility' is present on page 

2023-07-12 22:05:27 - [MESSAGE][PASSED] - Text 'Facility' is present on page 

2023-07-12 22:05:27 - [TEST_STEP][PASSED] - verifyElementVisible(findTestObject("Appointment Page/Combo Facility")): Object 'Object Repository/Appointment Page/Combo Facility' is visible

2023-07-12 22:05:27 - [MESSAGE][PASSED] - Object 'Object Repository/Appointment Page/Combo Facility' is visible

2023-07-12 22:05:27 - [TEST_STEP][PASSED] - verifyTextPresent("Healthcare Program", false): Text 'Healthcare Program' is present on page 

2023-07-12 22:05:27 - [MESSAGE][PASSED] - Text 'Healthcare Program' is present on page 

2023-07-12 22:05:27 - [TEST_STEP][PASSED] - verifyElementVisible(findTestObject("Appointment Page/checkbox")): Object 'Object Repository/Appointment Page/checkbox' is visible

2023-07-12 22:05:28 - [MESSAGE][PASSED] - Object 'Object Repository/Appointment Page/checkbox' is visible

2023-07-12 22:05:28 - [TEST_STEP][PASSED] - verifyTextPresent("Visit Date (Required)", false): Text 'Visit Date (Required)' is present on page 

2023-07-12 22:05:28 - [MESSAGE][PASSED] - Text 'Visit Date (Required)' is present on page 

2023-07-12 22:05:28 - [TEST_STEP][PASSED] - verifyTextPresent("Comment", false): Text 'Comment' is present on page 

2023-07-12 22:05:28 - [MESSAGE][PASSED] - Text 'Comment' is present on page]]></system-out>
         <system-err><![CDATA[]]></system-err>
      </testcase>
      <testcase name="Test Cases/Logout" time="2.426" classname="Test Cases/Logout" status="PASSED">
         <system-out><![CDATA[2023-07-12 22:05:28 - [TEST_CASE][PASSED] - Test Cases/Logout: Test Cases/Logout

2023-07-12 22:05:29 - [TEST_STEP][PASSED] - click(findTestObject("Sidebar/toggle button")): Object: 'Object Repository/Sidebar/toggle button' is clicked on

2023-07-12 22:05:29 - [MESSAGE][PASSED] - Object: 'Object Repository/Sidebar/toggle button' is clicked on

2023-07-12 22:05:29 - [TEST_STEP][PASSED] - click(findTestObject("Sidebar/Logout Button")): Object: 'Object Repository/Sidebar/Logout Button' is clicked on

2023-07-12 22:05:31 - [MESSAGE][PASSED] - Object: 'Object Repository/Sidebar/Logout Button' is clicked on]]></system-out>
         <system-err><![CDATA[]]></system-err>
      </testcase>
      <system-out><![CDATA[2023-07-12 22:05:12 - [TEST_SUITE][PASSED] - Login-logout: Test Cases/Logout]]></system-out>
      <system-err><![CDATA[]]></system-err>
   </testsuite>
</testsuites>
