<?xml version="1.0" encoding="UTF-8"?>
<testsuites name="Login-logout" time="21.651" tests="2" failures="0" errors="0">
   <testsuite name="Login-logout" tests="2" failures="0" errors="0" time="21.651" skipped="0" timestamp="2023-07-13 08:27:43" hostname="Atmam Al Faruqi - LAPTOP-I9L4OTOD" id="Test Suites/Login-logout">
      <properties>
         <property name="deviceName" value=""/>
         <property name="devicePlatform" value=""/>
         <property name="logFolder" value="C:\\Users\\pinja\\git\\test-make-appointment-katalon-automation\\Reports\\20230713_082733\\Login-logout\\20230713_082733"/>
         <property name="logFiles" value="C:\\Users\\pinja\\git\\test-make-appointment-katalon-automation\\Reports\\20230713_082733\\Login-logout\\20230713_082733\\execution0.log"/>
         <property name="attachments" value=""/>
         <property name="hostName" value="Atmam Al Faruqi - LAPTOP-I9L4OTOD"/>
         <property name="os" value="Windows 11 64bit"/>
         <property name="katalonVersion" value="8.6.5.208"/>
         <property name="browser" value="Chrome 114.0.0.0"/>
         <property name="hostAddress" value="192.168.0.197"/>
         <property name="sessionId" value="c4dce4e86459d1e95b5d584254a99018"/>
         <property name="seleniumVersion" value="3.141.59"/>
         <property name="proxyInformation" value="ProxyInformation { proxyOption=NO_PROXY, proxyServerType=HTTP, username=, password=********, proxyServerAddress=, proxyServerPort=0, executionList=&quot;&quot;, isApplyToDesiredCapabilities=true }"/>
         <property name="platform" value="Windows 11"/>
      </properties>
      <testcase name="Test Cases/Login" time="19.471" classname="Test Cases/Login" status="PASSED">
         <system-out><![CDATA[2023-07-13 08:27:44 - [TEST_CASE][PASSED] - Test Cases/Login: Test Cases/Login

2023-07-13 08:27:44 - [TEST_STEP][PASSED] - openBrowser(webUrl): Browser is opened with url: 'https://katalon-demo-cura.herokuapp.com/'

2023-07-13 08:27:44 - [MESSAGE][INFO] - Starting 'Chrome' driver

2023-07-13 08:27:45 - [MESSAGE][INFO] - Action delay is set to 0 milliseconds

2023-07-13 08:27:58 - [MESSAGE][PASSED] - Browser is opened with url: 'https://katalon-demo-cura.herokuapp.com/'

2023-07-13 08:27:58 - [TEST_STEP][PASSED] - click(findTestObject("Sidebar/toggle button")): Object: 'Object Repository/Sidebar/toggle button' is clicked on

2023-07-13 08:27:58 - [MESSAGE][PASSED] - Object: 'Object Repository/Sidebar/toggle button' is clicked on

2023-07-13 08:27:58 - [TEST_STEP][PASSED] - click(findTestObject("Sidebar/Login Page Button")): Object: 'Object Repository/Sidebar/Login Page Button' is clicked on

2023-07-13 08:28:00 - [MESSAGE][PASSED] - Object: 'Object Repository/Sidebar/Login Page Button' is clicked on

2023-07-13 08:28:00 - [TEST_STEP][PASSED] - verifyTextPresent("Please login to make appointment.", false): Text 'Please login to make appointment.' is present on page 

2023-07-13 08:28:00 - [MESSAGE][PASSED] - Text 'Please login to make appointment.' is present on page 

2023-07-13 08:28:00 - [TEST_STEP][PASSED] - setText(findTestObject("Login Page/input username"), "John Doe"): Text 'John Doe' is set on object 'Object Repository/Login Page/input username'

2023-07-13 08:28:01 - [MESSAGE][PASSED] - Text 'John Doe' is set on object 'Object Repository/Login Page/input username'

2023-07-13 08:28:01 - [TEST_STEP][PASSED] - setText(findTestObject("Login Page/input password"), "ThisIsNotAPassword"): Text 'ThisIsNotAPassword' is set on object 'Object Repository/Login Page/input password'

2023-07-13 08:28:01 - [MESSAGE][PASSED] - Text 'ThisIsNotAPassword' is set on object 'Object Repository/Login Page/input password'

2023-07-13 08:28:01 - [TEST_STEP][PASSED] - click(findTestObject("Login Page/Login Button")): Object: 'Object Repository/Login Page/Login Button' is clicked on

2023-07-13 08:28:03 - [MESSAGE][PASSED] - Object: 'Object Repository/Login Page/Login Button' is clicked on]]></system-out>
         <system-err><![CDATA[]]></system-err>
      </testcase>
      <testcase name="Test Cases/Logout" time="1.806" classname="Test Cases/Logout" status="PASSED">
         <system-out><![CDATA[2023-07-13 08:28:03 - [TEST_CASE][PASSED] - Test Cases/Logout: Test Cases/Logout

2023-07-13 08:28:03 - [TEST_STEP][PASSED] - click(findTestObject("Sidebar/toggle button")): Object: 'Object Repository/Sidebar/toggle button' is clicked on

2023-07-13 08:28:04 - [MESSAGE][PASSED] - Object: 'Object Repository/Sidebar/toggle button' is clicked on

2023-07-13 08:28:04 - [TEST_STEP][PASSED] - click(findTestObject("Sidebar/Logout Button")): Object: 'Object Repository/Sidebar/Logout Button' is clicked on

2023-07-13 08:28:05 - [MESSAGE][PASSED] - Object: 'Object Repository/Sidebar/Logout Button' is clicked on]]></system-out>
         <system-err><![CDATA[]]></system-err>
      </testcase>
      <system-out><![CDATA[2023-07-13 08:27:43 - [TEST_SUITE][PASSED] - Login-logout: Test Cases/Logout]]></system-out>
      <system-err><![CDATA[]]></system-err>
   </testsuite>
</testsuites>
